event 167820000 92710000 0 00000000-0000-0000-0000-000000000000
event 167720000 92820000 3 00000000-0000-0000-0000-000000000000
event 166970000 94240000 3 00000000-0000-0000-0000-000000000000
event 166700000 96030000 3 00000000-0000-0000-0000-000000000000
event 166640000 97150000 3 00000000-0000-0000-0000-000000000000
event 166230000 99660000 3 00000000-0000-0000-0000-000000000000
event 165960000 101520000 3 00000000-0000-0000-0000-000000000000
event 165820000 103820000 3 00000000-0000-0000-0000-000000000000
event 165750000 105520000 3 00000000-0000-0000-0000-000000000000
event 165770499 105969501 3 00000000-0000-0000-0000-000000000000
event 165750000 106600000 3 00000000-0000-0000-0000-000000000000
event 165720000 107310000 3 00000000-0000-0000-0000-000000000000
event 165810499 107759501 3 00000000-0000-0000-0000-000000000000
event 165750000 108530000 3 00000000-0000-0000-0000-000000000000
event 165750000 109110000 3 00000000-0000-0000-0000-000000000000
event 165750000 109380000 3 00000000-0000-0000-0000-000000000000
event 165750000 109450000 3 00000000-0000-0000-0000-000000000000
event 165750000 109580000 3 00000000-0000-0000-0000-000000000000
event 165720000 109750000 3 00000000-0000-0000-0000-000000000000
event 165690000 109790000 3 00000000-0000-0000-0000-000000000000
event 165690000 109820000 3 00000000-0000-0000-0000-000000000000
event 165690000 109850000 3 00000000-0000-0000-0000-000000000000
event 165620000 109920000 3 00000000-0000-0000-0000-000000000000
event 165620000 109950000 3 00000000-0000-0000-0000-000000000000
event 165620000 109990000 3 00000000-0000-0000-0000-000000000000
event 165650000 109990000 3 00000000-0000-0000-0000-000000000000
event 165620000 109990000 3 00000000-0000-0000-0000-000000000000
removed 2f5a6764-92f6-4db4-b0f7-9c354072ff1e
removed 1e73c6d7-e84e-48a8-8695-f05dedb935c6
removed 131e7aac-e731-46c4-b380-5a13fdd962ec
removed db602bf0-29a7-4e78-8c30-2e47cddd99bc
removed a8980bf8-a8cc-4b9c-99dc-f1cba9091fc3
removed efc3cd85-b4b7-4962-a044-cf3fd1068bc4
removed 9e7e938a-e9b7-4027-8ff4-a7a875aa3dc0
removed b609539d-1dcb-4164-85d6-3bc70e34f964
removed 692e4432-3cc1-46ea-8d75-f8534eaca6f5
removed 5447eb29-5a42-4c44-abd7-ab934bff9ab0
removed de8e6047-d434-479a-a57c-36e7ded38dce
removed e788b0cf-ee85-4638-9a11-f0a246cc61bc
removed 5ec7d5ec-45fe-4163-9a76-4559487f579a
added segment net 18 layers 0 0 shape 1 168269501 101150499 170490000 98930000 250000
added segment net 16 layers 0 0 shape 1 164720998 110362378 165247622 110889002 250000
added segment net 18 layers 0 0 shape 1 162004310 98200000 165170499 101366189 250000
added segment net 18 layers 0 0 shape 1 165170499 101366189 165170499 110176189 250000
added segment net 19 layers 0 0 shape 1 160275000 105750000 159625000 105100000 250000
added segment net 18 layers 0 0 shape 1 165433811 110439501 165806189 110439501 250000
added segment net 16 layers 0 0 shape 1 164720998 102630998 164720998 110362378 250000
added segment net 19 layers 0 0 shape 1 170490000 109090000 168241497 111338503 250000
added segment net 19 layers 0 0 shape 1 163163503 111338503 160275000 108450000 250000
added segment net 18 layers 0 0 shape 1 168269501 107976189 168269501 101150499 250000
added segment net 18 layers 0 0 shape 1 156750000 98200000 162004310 98200000 250000
added segment net 18 layers 0 0 shape 1 165806189 110439501 168269501 107976189 250000
added segment net 16 layers 0 0 shape 1 166150998 110889002 170490000 106550000 250000
added segment net 16 layers 0 0 shape 1 164090000 102000000 164720998 102630998 250000
added segment net 19 layers 0 0 shape 1 160275000 108450000 160275000 105750000 250000
added segment net 18 layers 0 0 shape 1 165170499 110176189 165433811 110439501 250000
added segment net 16 layers 0 0 shape 1 165247622 110889002 166150998 110889002 250000
added segment net 19 layers 0 0 shape 1 168241497 111338503 163163503 111338503 250000
