mode 1
event 76400000 48800000 0 00000000-0000-0000-0000-000000000000 250000 800000 400000 1 31 0 3
event 76400000 49200000 3 00000000-0000-0000-0000-000000000000 155000 600000 250000 1 31 0 3
event 76400000 51200000 3 00000000-0000-0000-0000-000000000000 155000 600000 250000 1 31 0 3
event 76800000 55800000 3 00000000-0000-0000-0000-000000000000 155000 600000 250000 1 31 0 3
event 76800000 59600000 3 00000000-0000-0000-0000-000000000000 155000 600000 250000 1 31 0 3
event 76800000 63800000 3 00000000-0000-0000-0000-000000000000 155000 600000 250000 1 31 0 3
event 76800000 72200000 3 00000000-0000-0000-0000-000000000000 155000 600000 250000 1 31 0 3
event 76400000 81000000 3 00000000-0000-0000-0000-000000000000 155000 600000 250000 1 31 0 3
event 75800000 82600000 3 00000000-0000-0000-0000-000000000000 155000 600000 250000 1 31 0 3
event 75800000 83000000 3 00000000-0000-0000-0000-000000000000 155000 600000 250000 1 31 0 3
event 75800000 83000000 2 00000000-0000-0000-0000-000000000000 155000 600000 250000 1 31 0 3
event 75800000 83000000 3 00000000-0000-0000-0000-000000000000 155000 600000 250000 1 31 0 3
event 75800000 83400000 3 00000000-0000-0000-0000-000000000000 155000 600000 250000 1 31 0 3
event 81000000 85400000 3 00000000-0000-0000-0000-000000000000 155000 600000 250000 1 31 0 3
event 83800000 86200000 3 00000000-0000-0000-0000-000000000000 155000 600000 250000 1 31 0 3
event 96000000 88600000 3 00000000-0000-0000-0000-000000000000 155000 600000 250000 1 31 0 3
event 104000000 89000000 3 00000000-0000-0000-0000-000000000000 155000 600000 250000 1 31 0 3
event 109600000 89000000 3 00000000-0000-0000-0000-000000000000 155000 600000 250000 1 31 0 3
event 111400000 89000000 3 00000000-0000-0000-0000-000000000000 155000 600000 250000 1 31 0 3
event 111400000 89000000 2 00000000-0000-0000-0000-000000000000 155000 600000 250000 1 31 0 3
event 111400000 89000000 3 00000000-0000-0000-0000-000000000000 155000 600000 250000 1 31 0 3
event 112800000 89000000 3 00000000-0000-0000-0000-000000000000 155000 600000 250000 1 31 0 3
event 119400000 91400000 3 00000000-0000-0000-0000-000000000000 155000 600000 250000 1 31 0 3
event 126000000 95600000 3 00000000-0000-0000-0000-000000000000 155000 600000 250000 1 31 0 3
event 132600000 100400000 3 00000000-0000-0000-0000-000000000000 155000 600000 250000 1 31 0 3
event 133600000 102200000 3 00000000-0000-0000-0000-000000000000 155000 600000 250000 1 31 0 3
event 134000000 103200000 3 00000000-0000-0000-0000-000000000000 155000 600000 250000 1 31 0 3
event 134000000 103600000 3 00000000-0000-0000-0000-000000000000 155000 600000 250000 1 31 0 3
event 134000000 105400000 3 00000000-0000-0000-0000-000000000000 155000 600000 250000 1 31 0 3
event 134000000 103200000 2 00000000-0000-0000-0000-000000000000 155000 600000 250000 1 31 0 3
event 134000000 103200000 3 00000000-0000-0000-0000-000000000000 155000 600000 250000 1 31 0 3
event 134000000 103200000 2 00000000-0000-0000-0000-000000000000 155000 600000 250000 1 31 0 3
event 134000000 103200000 3 00000000-0000-0000-0000-000000000000 155000 600000 250000 1 31 0 3
event 130600000 123800000 3 00000000-0000-0000-0000-000000000000 155000 600000 250000 1 31 0 3
event 128800000 130400000 3 00000000-0000-0000-0000-000000000000 155000 600000 250000 1 31 0 3
event 128400000 132200000 3 00000000-0000-0000-0000-000000000000 155000 600000 250000 1 31 0 3
event 128400000 132600000 3 00000000-0000-0000-0000-000000000000 155000 600000 250000 1 31 0 3
event 128400000 133200000 3 00000000-0000-0000-0000-000000000000 155000 600000 250000 1 31 0 3
event 128400000 133600000 3 00000000-0000-0000-0000-000000000000 155000 600000 250000 1 31 0 3
event 128400000 134000000 3 00000000-0000-0000-0000-000000000000 155000 600000 250000 1 31 0 3
event 127800000 135000000 3 00000000-0000-0000-0000-000000000000 155000 600000 250000 1 31 0 3
event 127400000 135400000 3 00000000-0000-0000-0000-000000000000 155000 600000 250000 1 31 0 3
event 127400000 136400000 3 00000000-0000-0000-0000-000000000000 155000 600000 250000 1 31 0 3
event 127000000 136400000 2 00000000-0000-0000-0000-000000000000 155000 600000 250000 1 31 0 3
event 127000000 136400000 3 00000000-0000-0000-0000-000000000000 155000 600000 250000 1 31 0 3
event 125000000 138200000 3 00000000-0000-0000-0000-000000000000 155000 600000 250000 1 31 0 3
event 125000000 138800000 3 00000000-0000-0000-0000-000000000000 155000 600000 250000 1 31 0 3
event 123600000 140200000 3 00000000-0000-0000-0000-000000000000 155000 600000 250000 1 31 0 3
event 122200000 141600000 3 00000000-0000-0000-0000-000000000000 155000 600000 250000 1 31 0 3
event 120000000 143400000 3 00000000-0000-0000-0000-000000000000 155000 600000 250000 1 31 0 3
event 117600000 145400000 3 00000000-0000-0000-0000-000000000000 155000 600000 250000 1 31 0 3
event 110600000 147600000 3 00000000-0000-0000-0000-000000000000 155000 600000 250000 1 31 0 3
event 110600000 147600000 2 00000000-0000-0000-0000-000000000000 155000 600000 250000 1 31 0 3
event 110600000 147600000 3 00000000-0000-0000-0000-000000000000 155000 600000 250000 1 31 0 3
event 110600000 147600000 2 00000000-0000-0000-0000-000000000000 155000 600000 250000 1 31 0 3
event 110600000 147600000 3 00000000-0000-0000-0000-000000000000 155000 600000 250000 1 31 0 3
event 71600000 149000000 3 00000000-0000-0000-0000-000000000000 155000 600000 250000 1 31 0 3
event 66000000 150000000 3 00000000-0000-0000-0000-000000000000 155000 600000 250000 1 31 0 3
event 61800000 150000000 3 00000000-0000-0000-0000-000000000000 155000 600000 250000 1 31 0 3
event 56200000 150000000 3 00000000-0000-0000-0000-000000000000 155000 600000 250000 1 31 0 3
event 54200000 150000000 3 00000000-0000-0000-0000-000000000000 155000 600000 250000 1 31 0 3
event 54200000 150400000 3 00000000-0000-0000-0000-000000000000 155000 600000 250000 1 31 0 3
event 55200000 151400000 3 00000000-0000-0000-0000-000000000000 155000 600000 250000 1 31 0 3
event 55200000 152400000 3 00000000-0000-0000-0000-000000000000 155000 600000 250000 1 31 0 3
event 55200000 152800000 3 00000000-0000-0000-0000-000000000000 155000 600000 250000 1 31 0 3
event 55200000 153200000 3 00000000-0000-0000-0000-000000000000 155000 600000 250000 1 31 0 3
event 55200000 153800000 3 00000000-0000-0000-0000-000000000000 155000 600000 250000 1 31 0 3
event 54200000 154200000 2 00000000-0000-0000-0000-000000000000 155000 600000 250000 1 31 0 3
event 54200000 154200000 3 00000000-0000-0000-0000-000000000000 155000 600000 250000 1 31 0 3
event 51400000 154200000 3 00000000-0000-0000-0000-000000000000 155000 600000 250000 1 31 0 3
event 50000000 153200000 3 00000000-0000-0000-0000-000000000000 155000 600000 250000 1 31 0 3
event 49200000 152400000 3 00000000-0000-0000-0000-000000000000 155000 600000 250000 1 31 0 3
event 47800000 150000000 3 00000000-0000-0000-0000-000000000000 155000 600000 250000 1 31 0 3
event 48200000 149000000 3 00000000-0000-0000-0000-000000000000 155000 600000 250000 1 31 0 3
event 50000000 146800000 3 00000000-0000-0000-0000-000000000000 155000 600000 250000 1 31 0 3
event 51400000 143000000 3 00000000-0000-0000-0000-000000000000 155000 600000 250000 1 31 0 3
event 52400000 139600000 3 00000000-0000-0000-0000-000000000000 155000 600000 250000 1 31 0 3
event 52800000 135400000 3 00000000-0000-0000-0000-000000000000 155000 600000 250000 1 31 0 3
event 53400000 124200000 3 00000000-0000-0000-0000-000000000000 155000 600000 250000 1 31 0 3
event 53400000 124200000 2 00000000-0000-0000-0000-000000000000 155000 600000 250000 1 31 0 3
event 53400000 124200000 3 00000000-0000-0000-0000-000000000000 155000 600000 250000 1 31 0 3
event 53400000 124200000 2 00000000-0000-0000-0000-000000000000 155000 600000 250000 1 31 0 3
event 53400000 124200000 3 00000000-0000-0000-0000-000000000000 155000 600000 250000 1 31 0 3
event 49600000 109600000 3 00000000-0000-0000-0000-000000000000 155000 600000 250000 1 31 0 3
event 49600000 108200000 3 00000000-0000-0000-0000-000000000000 155000 600000 250000 1 31 0 3
event 49200000 105400000 3 00000000-0000-0000-0000-000000000000 155000 600000 250000 1 31 0 3
event 48600000 105400000 3 00000000-0000-0000-0000-000000000000 155000 600000 250000 1 31 0 3
event 47800000 104600000 3 00000000-0000-0000-0000-000000000000 155000 600000 250000 1 31 0 3
event 46400000 102200000 3 00000000-0000-0000-0000-000000000000 155000 600000 250000 1 31 0 3
event 43000000 96000000 2 00000000-0000-0000-0000-000000000000 155000 600000 250000 1 31 0 3
event 43000000 96000000 3 00000000-0000-0000-0000-000000000000 155000 600000 250000 1 31 0 3
event 41600000 92400000 3 00000000-0000-0000-0000-000000000000 155000 600000 250000 1 31 0 3
event 41200000 91000000 3 00000000-0000-0000-0000-000000000000 155000 600000 250000 1 31 0 3
event 40600000 89600000 3 00000000-0000-0000-0000-000000000000 155000 600000 250000 1 31 0 3
event 40600000 89000000 3 00000000-0000-0000-0000-000000000000 155000 600000 250000 1 31 0 3
event 40600000 88600000 3 00000000-0000-0000-0000-000000000000 155000 600000 250000 1 31 0 3
event 40600000 87600000 3 00000000-0000-0000-0000-000000000000 155000 600000 250000 1 31 0 3
event 41600000 85800000 3 00000000-0000-0000-0000-000000000000 155000 600000 250000 1 31 0 3
event 42200000 84800000 3 00000000-0000-0000-0000-000000000000 155000 600000 250000 1 31 0 3
event 40600000 88600000 2 00000000-0000-0000-0000-000000000000 155000 600000 250000 1 31 0 3
event 40600000 88600000 3 00000000-0000-0000-0000-000000000000 155000 600000 250000 1 31 0 3
event 40600000 88600000 2 00000000-0000-0000-0000-000000000000 155000 600000 250000 1 31 0 3
event 40600000 88600000 3 00000000-0000-0000-0000-000000000000 155000 600000 250000 1 31 0 3
event 42200000 78800000 3 00000000-0000-0000-0000-000000000000 155000 600000 250000 1 31 0 3
event 42200000 76800000 3 00000000-0000-0000-0000-000000000000 155000 600000 250000 1 31 0 3
event 41600000 75000000 3 00000000-0000-0000-0000-000000000000 155000 600000 250000 1 31 0 3
event 40200000 68000000 3 00000000-0000-0000-0000-000000000000 155000 600000 250000 1 31 0 3
event 39200000 64200000 3 00000000-0000-0000-0000-000000000000 155000 600000 250000 1 31 0 3
event 36000000 58200000 3 00000000-0000-0000-0000-000000000000 155000 600000 250000 1 31 0 3
event 35000000 56800000 3 00000000-0000-0000-0000-000000000000 155000 600000 250000 1 31 0 3
event 31800000 52600000 3 00000000-0000-0000-0000-000000000000 155000 600000 250000 1 31 0 3
event 30800000 50600000 3 00000000-0000-0000-0000-000000000000 155000 600000 250000 1 31 0 3
event 29400000 48800000 3 00000000-0000-0000-0000-000000000000 155000 600000 250000 1 31 0 3
event 29000000 47800000 3 00000000-0000-0000-0000-000000000000 155000 600000 250000 1 31 0 3
event 0 0 6 00000000-0000-0000-0000-000000000000 155000 600000 250000 1 31 0 3
event 29000000 47800000 3 00000000-0000-0000-0000-000000000000 155000 600000 250000 1 31 0 3
event 0 0 6 00000000-0000-0000-0000-000000000000 155000 600000 250000 1 31 0 3
event 29000000 47800000 3 00000000-0000-0000-0000-000000000000 155000 600000 250000 1 31 0 3
event 0 0 6 00000000-0000-0000-0000-000000000000 155000 600000 250000 1 31 0 3
event 29000000 47800000 3 00000000-0000-0000-0000-000000000000 155000 600000 250000 1 31 0 3
event 0 0 6 00000000-0000-0000-0000-000000000000 155000 600000 250000 1 31 0 3
event 29000000 47800000 3 00000000-0000-0000-0000-000000000000 155000 600000 250000 1 31 0 3
event 0 0 6 00000000-0000-0000-0000-000000000000 155000 600000 250000 1 31 0 3
event 29000000 47800000 3 00000000-0000-0000-0000-000000000000 155000 600000 250000 1 31 0 3
event 0 0 6 00000000-0000-0000-0000-000000000000 155000 600000 250000 1 31 0 3
event 29000000 47800000 3 00000000-0000-0000-0000-000000000000 155000 600000 250000 1 31 0 3
event 0 0 6 00000000-0000-0000-0000-000000000000 155000 600000 250000 1 31 0 3
event 29000000 47800000 3 00000000-0000-0000-0000-000000000000 155000 600000 250000 1 31 0 3
event 0 0 6 00000000-0000-0000-0000-000000000000 155000 600000 250000 1 31 0 3
event 29000000 47800000 3 00000000-0000-0000-0000-000000000000 155000 600000 250000 1 31 0 3
event 0 0 6 00000000-0000-0000-0000-000000000000 155000 600000 250000 1 31 0 3
event 29000000 47800000 3 00000000-0000-0000-0000-000000000000 155000 600000 250000 1 31 0 3
added segment net 0 layers 0 0 shape 1 76400000 48800000 76400000 82400000 250000
added segment net 0 layers 0 0 shape 1 76400000 82400000 75800000 83000000 250000
added segment net 0 layers 0 0 shape 1 75800000 83000000 81800000 89000000 250000
added segment net 0 layers 0 0 shape 1 81800000 89000000 111400000 89000000 250000
