mode 1
event 52314000 103495000 1 ec15b4c3-2120-4ae7-a438-6bdbcfcdc7e7 155000 600000 250000 1 31 0 3
event 52314000 103495000 3 00000000-0000-0000-0000-000000000000 155000 600000 250000 1 31 0 3
event 52200000 103320000 3 00000000-0000-0000-0000-000000000000 155000 600000 250000 1 31 0 3
event 52200000 103330000 3 00000000-0000-0000-0000-000000000000 155000 600000 250000 1 31 0 3
event 52190000 103340000 3 00000000-0000-0000-0000-000000000000 155000 600000 250000 1 31 0 3
event 52190000 103340000 3 00000000-0000-0000-0000-000000000000 155000 600000 250000 1 31 0 3
event 52180000 103340000 3 00000000-0000-0000-0000-000000000000 155000 600000 250000 1 31 0 3
event 52170000 103300000 3 00000000-0000-0000-0000-000000000000 155000 600000 250000 1 31 0 3
event 52140000 103240000 3 00000000-0000-0000-0000-000000000000 155000 600000 250000 1 31 0 3
event 52080000 103140000 3 00000000-0000-0000-0000-000000000000 155000 600000 250000 1 31 0 3
event 51970000 102980000 3 00000000-0000-0000-0000-000000000000 155000 600000 250000 1 31 0 3
event 51900000 102870000 3 00000000-0000-0000-0000-000000000000 155000 600000 250000 1 31 0 3
event 51860000 102780000 3 00000000-0000-0000-0000-000000000000 155000 600000 250000 1 31 0 3
event 51840000 102680000 3 00000000-0000-0000-0000-000000000000 155000 600000 250000 1 31 0 3
event 51840000 102620000 3 00000000-0000-0000-0000-000000000000 155000 600000 250000 1 31 0 3
event 51840000 102600000 3 00000000-0000-0000-0000-000000000000 155000 600000 250000 1 31 0 3
event 51840000 102580000 3 00000000-0000-0000-0000-000000000000 155000 600000 250000 1 31 0 3
event 51840000 102580000 3 00000000-0000-0000-0000-000000000000 155000 600000 250000 1 31 0 3
event 51840000 102570000 3 00000000-0000-0000-0000-000000000000 155000 600000 250000 1 31 0 3
event 51840000 102550000 3 00000000-0000-0000-0000-000000000000 155000 600000 250000 1 31 0 3
event 51840000 102520000 3 00000000-0000-0000-0000-000000000000 155000 600000 250000 1 31 0 3
event 51840000 102490000 3 00000000-0000-0000-0000-000000000000 155000 600000 250000 1 31 0 3
event 51840000 102460000 3 00000000-0000-0000-0000-000000000000 155000 600000 250000 1 31 0 3
event 51840000 102440000 3 00000000-0000-0000-0000-000000000000 155000 600000 250000 1 31 0 3
event 51840000 102430000 3 00000000-0000-0000-0000-000000000000 155000 600000 250000 1 31 0 3
event 51840000 102430000 3 00000000-0000-0000-0000-000000000000 155000 600000 250000 1 31 0 3
event 51850000 102430000 3 00000000-0000-0000-0000-000000000000 155000 600000 250000 1 31 0 3
removed f8b3b868-c3a1-4685-b660-2348141e1b52
removed 14fe239a-031c-4f34-917c-75e2c28ceb81
removed 762d5a3e-c879-433e-a6d4-bf44e9496a2b
removed 6e7ef9f4-0043-494d-8e5c-1a86699efbe2
removed 89130528-ea95-4c0b-bc75-805fb6551bd5
removed 486c8cb8-c448-4c30-a176-896551e87dfd
removed afec40f6-33d0-4f7a-b16d-d49ca90abc97
removed 127d4286-3915-4448-8ea1-7331f719e9b4
removed ec15b4c3-2120-4ae7-a438-6bdbcfcdc7e7
added via net 30 layers 0 31 drill 300000 shape 3 51985500 102709500 250000
added segment net 30 layers 0 0 shape 1 51985500 102709500 51985500 103000947 120000
added segment net 30 layers 31 31 shape 1 51985500 102709500 51985500 103740500 120000
added segment net 30 layers 31 31 shape 1 51985500 102709500 52262500 102709500 120000
added segment net 30 layers 31 31 shape 1 52262500 102709500 52296000 102743000 120000
added segment net 30 layers 0 0 shape 1 51985500 102709500 52771000 103495000 120000
added segment net 30 layers 0 0 shape 1 51491447 103495000 51165553 103495000 120000
added segment net 30 layers 0 0 shape 1 52771000 103495000 55489000 103495000 120000
added segment net 30 layers 0 0 shape 1 51985500 103000947 51491447 103495000 120000
added segment net 30 layers 0 0 shape 1 51165553 103495000 50828500 103157947 120000
added segment net 30 layers 31 31 shape 1 51985500 103740500 53213000 104968000 120000
added segment net 30 layers 0 0 shape 1 50828500 103157947 50828500 102940000 120000
